<?xml version="1.0" encoding="UTF-8"?>
<testsuite xmlns:xsi="http://www.w3.org/2001/XMLSchema-instance" xsi:noNamespaceSchemaLocation="https://maven.apache.org/surefire/maven-surefire-plugin/xsd/surefire-test-report-3.0.xsd" version="3.0" name="com.cloudDemo.test.RedisTest" time="2.635" tests="6" errors="0" skipped="0" failures="0">
  <properties>
    <property name="java.specification.version" value="17"/>
    <property name="sun.cpu.isalist" value="amd64"/>
    <property name="sun.jnu.encoding" value="GBK"/>
    <property name="java.class.path" value="D:\WorkSpace\IDEA\cloudDemo\services\test\target\test-classes;D:\WorkSpace\IDEA\cloudDemo\services\test\target\classes;D:\Maven\localRepository\org\springframework\boot\spring-boot-starter-test\3.3.4\spring-boot-starter-test-3.3.4.jar;D:\Maven\localRepository\org\springframework\boot\spring-boot-starter\3.3.4\spring-boot-starter-3.3.4.jar;D:\Maven\localRepository\org\springframework\boot\spring-boot\3.3.4\spring-boot-3.3.4.jar;D:\Maven\localRepository\org\springframework\boot\spring-boot-autoconfigure\3.3.4\spring-boot-autoconfigure-3.3.4.jar;D:\Maven\localRepository\org\springframework\boot\spring-boot-starter-logging\3.3.4\spring-boot-starter-logging-3.3.4.jar;D:\Maven\localRepository\ch\qos\logback\logback-classic\1.5.8\logback-classic-1.5.8.jar;D:\Maven\localRepository\ch\qos\logback\logback-core\1.5.8\logback-core-1.5.8.jar;D:\Maven\localRepository\org\apache\logging\log4j\log4j-to-slf4j\2.23.1\log4j-to-slf4j-2.23.1.jar;D:\Maven\localRepository\org\apache\logging\log4j\log4j-api\2.23.1\log4j-api-2.23.1.jar;D:\Maven\localRepository\org\slf4j\jul-to-slf4j\2.0.16\jul-to-slf4j-2.0.16.jar;D:\Maven\localRepository\jakarta\annotation\jakarta.annotation-api\2.1.1\jakarta.annotation-api-2.1.1.jar;D:\Maven\localRepository\org\yaml\snakeyaml\2.2\snakeyaml-2.2.jar;D:\Maven\localRepository\org\springframework\boot\spring-boot-test\3.3.4\spring-boot-test-3.3.4.jar;D:\Maven\localRepository\org\springframework\boot\spring-boot-test-autoconfigure\3.3.4\spring-boot-test-autoconfigure-3.3.4.jar;D:\Maven\localRepository\com\jayway\jsonpath\json-path\2.9.0\json-path-2.9.0.jar;D:\Maven\localRepository\org\slf4j\slf4j-api\2.0.16\slf4j-api-2.0.16.jar;D:\Maven\localRepository\jakarta\xml\bind\jakarta.xml.bind-api\4.0.2\jakarta.xml.bind-api-4.0.2.jar;D:\Maven\localRepository\jakarta\activation\jakarta.activation-api\2.1.3\jakarta.activation-api-2.1.3.jar;D:\Maven\localRepository\net\minidev\json-smart\2.5.1\json-smart-2.5.1.jar;D:\Maven\localRepository\net\minidev\accessors-smart\2.5.1\accessors-smart-2.5.1.jar;D:\Maven\localRepository\org\ow2\asm\asm\9.6\asm-9.6.jar;D:\Maven\localRepository\org\assertj\assertj-core\3.25.3\assertj-core-3.25.3.jar;D:\Maven\localRepository\net\bytebuddy\byte-buddy\1.14.19\byte-buddy-1.14.19.jar;D:\Maven\localRepository\org\awaitility\awaitility\4.2.2\awaitility-4.2.2.jar;D:\Maven\localRepository\org\hamcrest\hamcrest\2.2\hamcrest-2.2.jar;D:\Maven\localRepository\org\junit\jupiter\junit-jupiter\5.10.3\junit-jupiter-5.10.3.jar;D:\Maven\localRepository\org\junit\jupiter\junit-jupiter-api\5.10.3\junit-jupiter-api-5.10.3.jar;D:\Maven\localRepository\org\opentest4j\opentest4j\1.3.0\opentest4j-1.3.0.jar;D:\Maven\localRepository\org\junit\platform\junit-platform-commons\1.10.3\junit-platform-commons-1.10.3.jar;D:\Maven\localRepository\org\apiguardian\apiguardian-api\1.1.2\apiguardian-api-1.1.2.jar;D:\Maven\localRepository\org\junit\jupiter\junit-jupiter-params\5.10.3\junit-jupiter-params-5.10.3.jar;D:\Maven\localRepository\org\junit\jupiter\junit-jupiter-engine\5.10.3\junit-jupiter-engine-5.10.3.jar;D:\Maven\localRepository\org\junit\platform\junit-platform-engine\1.10.3\junit-platform-engine-1.10.3.jar;D:\Maven\localRepository\org\mockito\mockito-core\5.11.0\mockito-core-5.11.0.jar;D:\Maven\localRepository\net\bytebuddy\byte-buddy-agent\1.14.19\byte-buddy-agent-1.14.19.jar;D:\Maven\localRepository\org\objenesis\objenesis\3.3\objenesis-3.3.jar;D:\Maven\localRepository\org\mockito\mockito-junit-jupiter\5.11.0\mockito-junit-jupiter-5.11.0.jar;D:\Maven\localRepository\org\skyscreamer\jsonassert\1.5.3\jsonassert-1.5.3.jar;D:\Maven\localRepository\com\vaadin\external\google\android-json\0.0.20131108.vaadin1\android-json-0.0.20131108.vaadin1.jar;D:\Maven\localRepository\org\springframework\spring-core\6.1.13\spring-core-6.1.13.jar;D:\Maven\localRepository\org\springframework\spring-jcl\6.1.13\spring-jcl-6.1.13.jar;D:\Maven\localRepository\org\springframework\spring-test\6.1.13\spring-test-6.1.13.jar;D:\Maven\localRepository\org\xmlunit\xmlunit-core\2.9.1\xmlunit-core-2.9.1.jar;D:\Maven\localRepository\org\springframework\boot\spring-boot-starter-web\3.3.4\spring-boot-starter-web-3.3.4.jar;D:\Maven\localRepository\org\springframework\boot\spring-boot-starter-json\3.3.4\spring-boot-starter-json-3.3.4.jar;D:\Maven\localRepository\com\fasterxml\jackson\core\jackson-databind\2.17.2\jackson-databind-2.17.2.jar;D:\Maven\localRepository\com\fasterxml\jackson\core\jackson-annotations\2.17.2\jackson-annotations-2.17.2.jar;D:\Maven\localRepository\com\fasterxml\jackson\core\jackson-core\2.17.2\jackson-core-2.17.2.jar;D:\Maven\localRepository\com\fasterxml\jackson\datatype\jackson-datatype-jdk8\2.17.2\jackson-datatype-jdk8-2.17.2.jar;D:\Maven\localRepository\com\fasterxml\jackson\datatype\jackson-datatype-jsr310\2.17.2\jackson-datatype-jsr310-2.17.2.jar;D:\Maven\localRepository\com\fasterxml\jackson\module\jackson-module-parameter-names\2.17.2\jackson-module-parameter-names-2.17.2.jar;D:\Maven\localRepository\org\springframework\boot\spring-boot-starter-tomcat\3.3.4\spring-boot-starter-tomcat-3.3.4.jar;D:\Maven\localRepository\org\apache\tomcat\embed\tomcat-embed-core\10.1.30\tomcat-embed-core-10.1.30.jar;D:\Maven\localRepository\org\apache\tomcat\embed\tomcat-embed-el\10.1.30\tomcat-embed-el-10.1.30.jar;D:\Maven\localRepository\org\apache\tomcat\embed\tomcat-embed-websocket\10.1.30\tomcat-embed-websocket-10.1.30.jar;D:\Maven\localRepository\org\springframework\spring-web\6.1.13\spring-web-6.1.13.jar;D:\Maven\localRepository\org\springframework\spring-beans\6.1.13\spring-beans-6.1.13.jar;D:\Maven\localRepository\io\micrometer\micrometer-observation\1.13.4\micrometer-observation-1.13.4.jar;D:\Maven\localRepository\io\micrometer\micrometer-commons\1.13.4\micrometer-commons-1.13.4.jar;D:\Maven\localRepository\org\springframework\spring-webmvc\6.1.13\spring-webmvc-6.1.13.jar;D:\Maven\localRepository\org\springframework\spring-aop\6.1.13\spring-aop-6.1.13.jar;D:\Maven\localRepository\org\springframework\spring-context\6.1.13\spring-context-6.1.13.jar;D:\Maven\localRepository\org\springframework\spring-expression\6.1.13\spring-expression-6.1.13.jar;D:\Maven\localRepository\org\springframework\boot\spring-boot-starter-jdbc\3.3.4\spring-boot-starter-jdbc-3.3.4.jar;D:\Maven\localRepository\com\zaxxer\HikariCP\5.1.0\HikariCP-5.1.0.jar;D:\Maven\localRepository\org\springframework\spring-jdbc\6.1.13\spring-jdbc-6.1.13.jar;D:\Maven\localRepository\org\springframework\spring-tx\6.1.13\spring-tx-6.1.13.jar;D:\Maven\localRepository\com\mysql\mysql-connector-j\8.0.33\mysql-connector-j-8.0.33.jar;D:\Maven\localRepository\org\springframework\boot\spring-boot-starter-data-redis\3.3.4\spring-boot-starter-data-redis-3.3.4.jar;D:\Maven\localRepository\io\lettuce\lettuce-core\6.3.2.RELEASE\lettuce-core-6.3.2.RELEASE.jar;D:\Maven\localRepository\io\netty\netty-common\4.1.113.Final\netty-common-4.1.113.Final.jar;D:\Maven\localRepository\io\netty\netty-handler\4.1.113.Final\netty-handler-4.1.113.Final.jar;D:\Maven\localRepository\io\netty\netty-resolver\4.1.113.Final\netty-resolver-4.1.113.Final.jar;D:\Maven\localRepository\io\netty\netty-buffer\4.1.113.Final\netty-buffer-4.1.113.Final.jar;D:\Maven\localRepository\io\netty\netty-transport-native-unix-common\4.1.113.Final\netty-transport-native-unix-common-4.1.113.Final.jar;D:\Maven\localRepository\io\netty\netty-codec\4.1.113.Final\netty-codec-4.1.113.Final.jar;D:\Maven\localRepository\io\netty\netty-transport\4.1.113.Final\netty-transport-4.1.113.Final.jar;D:\Maven\localRepository\io\projectreactor\reactor-core\3.6.10\reactor-core-3.6.10.jar;D:\Maven\localRepository\org\reactivestreams\reactive-streams\1.0.4\reactive-streams-1.0.4.jar;D:\Maven\localRepository\org\springframework\data\spring-data-redis\3.3.4\spring-data-redis-3.3.4.jar;D:\Maven\localRepository\org\springframework\data\spring-data-keyvalue\3.3.4\spring-data-keyvalue-3.3.4.jar;D:\Maven\localRepository\org\springframework\data\spring-data-commons\3.3.4\spring-data-commons-3.3.4.jar;D:\Maven\localRepository\org\springframework\spring-oxm\6.1.13\spring-oxm-6.1.13.jar;D:\Maven\localRepository\org\springframework\spring-context-support\6.1.13\spring-context-support-6.1.13.jar;"/>
    <property name="java.vm.vendor" value="Oracle Corporation"/>
    <property name="sun.arch.data.model" value="64"/>
    <property name="user.variant" value=""/>
    <property name="java.vendor.url" value="https://java.oracle.com/"/>
    <property name="user.timezone" value="Asia/Shanghai"/>
    <property name="os.name" value="Windows 11"/>
    <property name="java.vm.specification.version" value="17"/>
    <property name="sun.java.launcher" value="SUN_STANDARD"/>
    <property name="user.country" value="CN"/>
    <property name="sun.boot.library.path" value="D:\JDK\bin"/>
    <property name="sun.java.command" value="C:\Users\黄院彪\AppData\Local\Temp\surefire4877537306015904594\surefirebooter-20250704094200349_3.jar C:\Users\黄院彪\AppData\Local\Temp\surefire4877537306015904594 2025-07-04T09-42-00_207-jvmRun1 surefire-20250704094200349_1tmp surefire_0-20250704094200349_2tmp"/>
    <property name="jdk.debug" value="release"/>
    <property name="test" value="RedisTest"/>
    <property name="surefire.test.class.path" value="D:\WorkSpace\IDEA\cloudDemo\services\test\target\test-classes;D:\WorkSpace\IDEA\cloudDemo\services\test\target\classes;D:\Maven\localRepository\org\springframework\boot\spring-boot-starter-test\3.3.4\spring-boot-starter-test-3.3.4.jar;D:\Maven\localRepository\org\springframework\boot\spring-boot-starter\3.3.4\spring-boot-starter-3.3.4.jar;D:\Maven\localRepository\org\springframework\boot\spring-boot\3.3.4\spring-boot-3.3.4.jar;D:\Maven\localRepository\org\springframework\boot\spring-boot-autoconfigure\3.3.4\spring-boot-autoconfigure-3.3.4.jar;D:\Maven\localRepository\org\springframework\boot\spring-boot-starter-logging\3.3.4\spring-boot-starter-logging-3.3.4.jar;D:\Maven\localRepository\ch\qos\logback\logback-classic\1.5.8\logback-classic-1.5.8.jar;D:\Maven\localRepository\ch\qos\logback\logback-core\1.5.8\logback-core-1.5.8.jar;D:\Maven\localRepository\org\apache\logging\log4j\log4j-to-slf4j\2.23.1\log4j-to-slf4j-2.23.1.jar;D:\Maven\localRepository\org\apache\logging\log4j\log4j-api\2.23.1\log4j-api-2.23.1.jar;D:\Maven\localRepository\org\slf4j\jul-to-slf4j\2.0.16\jul-to-slf4j-2.0.16.jar;D:\Maven\localRepository\jakarta\annotation\jakarta.annotation-api\2.1.1\jakarta.annotation-api-2.1.1.jar;D:\Maven\localRepository\org\yaml\snakeyaml\2.2\snakeyaml-2.2.jar;D:\Maven\localRepository\org\springframework\boot\spring-boot-test\3.3.4\spring-boot-test-3.3.4.jar;D:\Maven\localRepository\org\springframework\boot\spring-boot-test-autoconfigure\3.3.4\spring-boot-test-autoconfigure-3.3.4.jar;D:\Maven\localRepository\com\jayway\jsonpath\json-path\2.9.0\json-path-2.9.0.jar;D:\Maven\localRepository\org\slf4j\slf4j-api\2.0.16\slf4j-api-2.0.16.jar;D:\Maven\localRepository\jakarta\xml\bind\jakarta.xml.bind-api\4.0.2\jakarta.xml.bind-api-4.0.2.jar;D:\Maven\localRepository\jakarta\activation\jakarta.activation-api\2.1.3\jakarta.activation-api-2.1.3.jar;D:\Maven\localRepository\net\minidev\json-smart\2.5.1\json-smart-2.5.1.jar;D:\Maven\localRepository\net\minidev\accessors-smart\2.5.1\accessors-smart-2.5.1.jar;D:\Maven\localRepository\org\ow2\asm\asm\9.6\asm-9.6.jar;D:\Maven\localRepository\org\assertj\assertj-core\3.25.3\assertj-core-3.25.3.jar;D:\Maven\localRepository\net\bytebuddy\byte-buddy\1.14.19\byte-buddy-1.14.19.jar;D:\Maven\localRepository\org\awaitility\awaitility\4.2.2\awaitility-4.2.2.jar;D:\Maven\localRepository\org\hamcrest\hamcrest\2.2\hamcrest-2.2.jar;D:\Maven\localRepository\org\junit\jupiter\junit-jupiter\5.10.3\junit-jupiter-5.10.3.jar;D:\Maven\localRepository\org\junit\jupiter\junit-jupiter-api\5.10.3\junit-jupiter-api-5.10.3.jar;D:\Maven\localRepository\org\opentest4j\opentest4j\1.3.0\opentest4j-1.3.0.jar;D:\Maven\localRepository\org\junit\platform\junit-platform-commons\1.10.3\junit-platform-commons-1.10.3.jar;D:\Maven\localRepository\org\apiguardian\apiguardian-api\1.1.2\apiguardian-api-1.1.2.jar;D:\Maven\localRepository\org\junit\jupiter\junit-jupiter-params\5.10.3\junit-jupiter-params-5.10.3.jar;D:\Maven\localRepository\org\junit\jupiter\junit-jupiter-engine\5.10.3\junit-jupiter-engine-5.10.3.jar;D:\Maven\localRepository\org\junit\platform\junit-platform-engine\1.10.3\junit-platform-engine-1.10.3.jar;D:\Maven\localRepository\org\mockito\mockito-core\5.11.0\mockito-core-5.11.0.jar;D:\Maven\localRepository\net\bytebuddy\byte-buddy-agent\1.14.19\byte-buddy-agent-1.14.19.jar;D:\Maven\localRepository\org\objenesis\objenesis\3.3\objenesis-3.3.jar;D:\Maven\localRepository\org\mockito\mockito-junit-jupiter\5.11.0\mockito-junit-jupiter-5.11.0.jar;D:\Maven\localRepository\org\skyscreamer\jsonassert\1.5.3\jsonassert-1.5.3.jar;D:\Maven\localRepository\com\vaadin\external\google\android-json\0.0.20131108.vaadin1\android-json-0.0.20131108.vaadin1.jar;D:\Maven\localRepository\org\springframework\spring-core\6.1.13\spring-core-6.1.13.jar;D:\Maven\localRepository\org\springframework\spring-jcl\6.1.13\spring-jcl-6.1.13.jar;D:\Maven\localRepository\org\springframework\spring-test\6.1.13\spring-test-6.1.13.jar;D:\Maven\localRepository\org\xmlunit\xmlunit-core\2.9.1\xmlunit-core-2.9.1.jar;D:\Maven\localRepository\org\springframework\boot\spring-boot-starter-web\3.3.4\spring-boot-starter-web-3.3.4.jar;D:\Maven\localRepository\org\springframework\boot\spring-boot-starter-json\3.3.4\spring-boot-starter-json-3.3.4.jar;D:\Maven\localRepository\com\fasterxml\jackson\core\jackson-databind\2.17.2\jackson-databind-2.17.2.jar;D:\Maven\localRepository\com\fasterxml\jackson\core\jackson-annotations\2.17.2\jackson-annotations-2.17.2.jar;D:\Maven\localRepository\com\fasterxml\jackson\core\jackson-core\2.17.2\jackson-core-2.17.2.jar;D:\Maven\localRepository\com\fasterxml\jackson\datatype\jackson-datatype-jdk8\2.17.2\jackson-datatype-jdk8-2.17.2.jar;D:\Maven\localRepository\com\fasterxml\jackson\datatype\jackson-datatype-jsr310\2.17.2\jackson-datatype-jsr310-2.17.2.jar;D:\Maven\localRepository\com\fasterxml\jackson\module\jackson-module-parameter-names\2.17.2\jackson-module-parameter-names-2.17.2.jar;D:\Maven\localRepository\org\springframework\boot\spring-boot-starter-tomcat\3.3.4\spring-boot-starter-tomcat-3.3.4.jar;D:\Maven\localRepository\org\apache\tomcat\embed\tomcat-embed-core\10.1.30\tomcat-embed-core-10.1.30.jar;D:\Maven\localRepository\org\apache\tomcat\embed\tomcat-embed-el\10.1.30\tomcat-embed-el-10.1.30.jar;D:\Maven\localRepository\org\apache\tomcat\embed\tomcat-embed-websocket\10.1.30\tomcat-embed-websocket-10.1.30.jar;D:\Maven\localRepository\org\springframework\spring-web\6.1.13\spring-web-6.1.13.jar;D:\Maven\localRepository\org\springframework\spring-beans\6.1.13\spring-beans-6.1.13.jar;D:\Maven\localRepository\io\micrometer\micrometer-observation\1.13.4\micrometer-observation-1.13.4.jar;D:\Maven\localRepository\io\micrometer\micrometer-commons\1.13.4\micrometer-commons-1.13.4.jar;D:\Maven\localRepository\org\springframework\spring-webmvc\6.1.13\spring-webmvc-6.1.13.jar;D:\Maven\localRepository\org\springframework\spring-aop\6.1.13\spring-aop-6.1.13.jar;D:\Maven\localRepository\org\springframework\spring-context\6.1.13\spring-context-6.1.13.jar;D:\Maven\localRepository\org\springframework\spring-expression\6.1.13\spring-expression-6.1.13.jar;D:\Maven\localRepository\org\springframework\boot\spring-boot-starter-jdbc\3.3.4\spring-boot-starter-jdbc-3.3.4.jar;D:\Maven\localRepository\com\zaxxer\HikariCP\5.1.0\HikariCP-5.1.0.jar;D:\Maven\localRepository\org\springframework\spring-jdbc\6.1.13\spring-jdbc-6.1.13.jar;D:\Maven\localRepository\org\springframework\spring-tx\6.1.13\spring-tx-6.1.13.jar;D:\Maven\localRepository\com\mysql\mysql-connector-j\8.0.33\mysql-connector-j-8.0.33.jar;D:\Maven\localRepository\org\springframework\boot\spring-boot-starter-data-redis\3.3.4\spring-boot-starter-data-redis-3.3.4.jar;D:\Maven\localRepository\io\lettuce\lettuce-core\6.3.2.RELEASE\lettuce-core-6.3.2.RELEASE.jar;D:\Maven\localRepository\io\netty\netty-common\4.1.113.Final\netty-common-4.1.113.Final.jar;D:\Maven\localRepository\io\netty\netty-handler\4.1.113.Final\netty-handler-4.1.113.Final.jar;D:\Maven\localRepository\io\netty\netty-resolver\4.1.113.Final\netty-resolver-4.1.113.Final.jar;D:\Maven\localRepository\io\netty\netty-buffer\4.1.113.Final\netty-buffer-4.1.113.Final.jar;D:\Maven\localRepository\io\netty\netty-transport-native-unix-common\4.1.113.Final\netty-transport-native-unix-common-4.1.113.Final.jar;D:\Maven\localRepository\io\netty\netty-codec\4.1.113.Final\netty-codec-4.1.113.Final.jar;D:\Maven\localRepository\io\netty\netty-transport\4.1.113.Final\netty-transport-4.1.113.Final.jar;D:\Maven\localRepository\io\projectreactor\reactor-core\3.6.10\reactor-core-3.6.10.jar;D:\Maven\localRepository\org\reactivestreams\reactive-streams\1.0.4\reactive-streams-1.0.4.jar;D:\Maven\localRepository\org\springframework\data\spring-data-redis\3.3.4\spring-data-redis-3.3.4.jar;D:\Maven\localRepository\org\springframework\data\spring-data-keyvalue\3.3.4\spring-data-keyvalue-3.3.4.jar;D:\Maven\localRepository\org\springframework\data\spring-data-commons\3.3.4\spring-data-commons-3.3.4.jar;D:\Maven\localRepository\org\springframework\spring-oxm\6.1.13\spring-oxm-6.1.13.jar;D:\Maven\localRepository\org\springframework\spring-context-support\6.1.13\spring-context-support-6.1.13.jar;"/>
    <property name="sun.cpu.endian" value="little"/>
    <property name="user.home" value="C:\Users\黄院彪"/>
    <property name="user.language" value="zh"/>
    <property name="java.specification.vendor" value="Oracle Corporation"/>
    <property name="java.version.date" value="2024-07-16"/>
    <property name="java.home" value="D:\JDK"/>
    <property name="file.separator" value="\"/>
    <property name="basedir" value="D:\WorkSpace\IDEA\cloudDemo\services\test"/>
    <property name="java.vm.compressedOopsMode" value="Zero based"/>
    <property name="line.separator" value="&#10;"/>
    <property name="java.vm.specification.vendor" value="Oracle Corporation"/>
    <property name="java.specification.name" value="Java Platform API Specification"/>
    <property name="FILE_LOG_CHARSET" value="GBK"/>
    <property name="java.awt.headless" value="true"/>
    <property name="surefire.real.class.path" value="C:\Users\黄院彪\AppData\Local\Temp\surefire4877537306015904594\surefirebooter-20250704094200349_3.jar"/>
    <property name="user.script" value=""/>
    <property name="sun.management.compiler" value="HotSpot 64-Bit Tiered Compilers"/>
    <property name="java.runtime.version" value="17.0.12+8-LTS-286"/>
    <property name="user.name" value="黄院彪"/>
    <property name="path.separator" value=";"/>
    <property name="os.version" value="10.0"/>
    <property name="java.runtime.name" value="Java(TM) SE Runtime Environment"/>
    <property name="file.encoding" value="GBK"/>
    <property name="java.vm.name" value="Java HotSpot(TM) 64-Bit Server VM"/>
    <property name="localRepository" value="D:\Maven\localRepository"/>
    <property name="java.vendor.url.bug" value="https://bugreport.java.com/bugreport/"/>
    <property name="java.io.tmpdir" value="C:\Users\黄院彪\AppData\Local\Temp\"/>
    <property name="java.version" value="17.0.12"/>
    <property name="user.dir" value="D:\WorkSpace\IDEA\cloudDemo\services\test"/>
    <property name="os.arch" value="amd64"/>
    <property name="java.vm.specification.name" value="Java Virtual Machine Specification"/>
    <property name="PID" value="26980"/>
    <property name="sun.os.patch.level" value=""/>
    <property name="CONSOLE_LOG_CHARSET" value="GBK"/>
    <property name="native.encoding" value="GBK"/>
    <property name="java.library.path" value="D:\JDK\bin;C:\Windows\Sun\Java\bin;C:\Windows\system32;C:\Windows;C:\Program Files\PowerShell\7;D:\Vmware\bin\;C:\Program Files\Common Files\Oracle\Java\javapath;C:\Windows\system32;C:\Windows;C:\Windows\System32\Wbem;C:\Windows\System32\WindowsPowerShell\v1.0\;C:\Windows\System32\OpenSSH\;C:\Program Files\dotnet\;C:\Program Files (x86)\NVIDIA Corporation\PhysX\Common;C:\Program Files\Git\cmd;D:\Vivo办公套件\pcsuite\;C:\Program Files\NVIDIA Corporation\NVIDIA App\NvDLISR;D:\Maven\apache-maven-3.9.9\bin;D:\Redis\;C:\Program Files\PowerShell\7\;C:\Users\黄院彪\AppData\Local\Microsoft\WindowsApps;D:\JDK\bin;D:\IntelliJ IDEA 2024.1.7\bin;;&quot;;D:\Maven\apache-maven-3.9.9\bin\bin&quot;;D:\Microsoft VS Code\bin;D:\cursor\resources\app\bin;."/>
    <property name="java.vm.info" value="mixed mode, sharing"/>
    <property name="java.vendor" value="Oracle Corporation"/>
    <property name="java.vm.version" value="17.0.12+8-LTS-286"/>
    <property name="sun.io.unicode.encoding" value="UnicodeLittle"/>
    <property name="java.class.version" value="61.0"/>
  </properties>
  <testcase name="testRedisConnectionAndPerformance" classname="com.cloudDemo.test.RedisTest" time="1.002">
    <system-out><![CDATA[09:42:00.814 [main] INFO org.springframework.test.context.support.AnnotationConfigContextLoaderUtils -- Could not detect default configuration classes for test class [com.cloudDemo.test.RedisTest]: RedisTest does not declare any static, non-private, non-final, nested classes annotated with @Configuration.
09:42:00.872 [main] INFO org.springframework.boot.test.context.SpringBootTestContextBootstrapper -- Found @SpringBootConfiguration com.cloudDemo.TestApplication for test class com.cloudDemo.test.RedisTest

  .   ____          _            __ _ _
 /\\ / ___'_ __ _ _(_)_ __  __ _ \ \ \ \
( ( )\___ | '_ | '_| | '_ \/ _` | \ \ \ \
 \\/  ___)| |_)| | | | | || (_| |  ) ) ) )
  '  |____| .__|_| |_|_| |_\__, | / / / /
 =========|_|==============|___/=/_/_/_/

 :: Spring Boot ::                (v3.3.4)

2025-07-04T09:42:01.128+08:00  INFO 26980 --- [           main] com.cloudDemo.test.RedisTest             : Starting RedisTest using Java 17.0.12 with PID 26980 (started by 黄院彪 in D:\WorkSpace\IDEA\cloudDemo\services\test)
2025-07-04T09:42:01.129+08:00  INFO 26980 --- [           main] com.cloudDemo.test.RedisTest             : No active profile set, falling back to 1 default profile: "default"
2025-07-04T09:42:01.396+08:00  INFO 26980 --- [           main] .s.d.r.c.RepositoryConfigurationDelegate : Multiple Spring Data modules found, entering strict repository configuration mode
2025-07-04T09:42:01.397+08:00  INFO 26980 --- [           main] .s.d.r.c.RepositoryConfigurationDelegate : Bootstrapping Spring Data Redis repositories in DEFAULT mode.
2025-07-04T09:42:01.413+08:00  INFO 26980 --- [           main] .s.d.r.c.RepositoryConfigurationDelegate : Finished Spring Data repository scanning in 4 ms. Found 0 Redis repository interfaces.
2025-07-04T09:42:01.518+08:00  INFO 26980 --- [           main] .s.d.r.c.RepositoryConfigurationDelegate : Multiple Spring Data modules found, entering strict repository configuration mode
2025-07-04T09:42:01.518+08:00  INFO 26980 --- [           main] .s.d.r.c.RepositoryConfigurationDelegate : Bootstrapping Spring Data Redis repositories in DEFAULT mode.
2025-07-04T09:42:01.525+08:00  INFO 26980 --- [           main] .s.d.r.c.RepositoryConfigurationDelegate : Finished Spring Data repository scanning in 6 ms. Found 0 Redis repository interfaces.
2025-07-04T09:42:02.282+08:00  INFO 26980 --- [           main] com.cloudDemo.test.RedisTest             : Started RedisTest in 1.311 seconds (process running for 1.842)
批量操作测试通过，耗时: 389 ms
]]></system-out>
  </testcase>
  <testcase name="testRedisWithExpiration" classname="com.cloudDemo.test.RedisTest" time="0.005">
    <system-out><![CDATA[过期时间测试: 键存在，过期时间为 5 秒
]]></system-out>
  </testcase>
  <testcase name="testRedisKeyOperations" classname="com.cloudDemo.test.RedisTest" time="0.005">
    <system-out><![CDATA[键操作测试通过，过期时间: 10 秒
键删除测试通过
]]></system-out>
  </testcase>
  <testcase name="testRedisBasicOperations" classname="com.cloudDemo.test.RedisTest" time="0.012">
    <system-out><![CDATA[基本操作测试通过: Hello Redis!
]]></system-out>
  </testcase>
  <testcase name="testRedisObjectStorage" classname="com.cloudDemo.test.RedisTest" time="0.032">
    <system-out><![CDATA[对象存储测试通过: TestObject{name='张三', age=25, profession='developer'}
]]></system-out>
  </testcase>
  <testcase name="testRedisIncrement" classname="com.cloudDemo.test.RedisTest" time="0.004">
    <system-out><![CDATA[计数器测试通过，最终值: 3
]]></system-out>
  </testcase>
</testsuite>